<?xml version="1.0" encoding="UTF-8"?>
<testng-results ignored="0" total="1" passed="1" failed="0" skipped="0">
  <reporter-output>
  </reporter-output>
  <suite started-at="2023-12-07T15:19:24 IST" name="Default suite" finished-at="2023-12-07T15:19:29 IST" duration-ms="4815">
    <groups>
    </groups>
    <test started-at="2023-12-07T15:19:24 IST" name="Default test" finished-at="2023-12-07T15:19:29 IST" duration-ms="4815">
      <class name="org.vertex.web.InvokeBrowser">
        <test-method is-config="true" signature="init()[pri:0, instance:org.vertex.web.InvokeBrowser@38600b]" started-at="2023-12-07T15:19:24 IST" name="init" finished-at="2023-12-07T15:19:28 IST" duration-ms="3764" status="PASS">
          <reporter-output>
          </reporter-output>
        </test-method> <!-- init -->
        <test-method signature="verifyUserLogin()[pri:0, instance:org.vertex.web.InvokeBrowser@38600b]" started-at="2023-12-07T15:19:28 IST" name="verifyUserLogin" finished-at="2023-12-07T15:19:29 IST" duration-ms="1000" status="PASS">
          <reporter-output>
          </reporter-output>
        </test-method> <!-- verifyUserLogin -->
        <test-method is-config="true" signature="tearDown()[pri:0, instance:org.vertex.web.InvokeBrowser@38600b]" started-at="2023-12-07T15:19:29 IST" name="tearDown" finished-at="2023-12-07T15:19:29 IST" duration-ms="0" status="PASS">
          <reporter-output>
          </reporter-output>
        </test-method> <!-- tearDown -->
      </class> <!-- org.vertex.web.InvokeBrowser -->
    </test> <!-- Default test -->
  </suite> <!-- Default suite -->
</testng-results>
