<?xml version="1.0" encoding="UTF-8"?>
<testng-results ignored="0" total="1" passed="1" failed="0" skipped="0">
  <reporter-output>
  </reporter-output>
  <suite started-at="2023-11-29T18:08:53 IST" name="Default suite" finished-at="2023-11-29T18:09:08 IST" duration-ms="15162">
    <groups>
    </groups>
    <test started-at="2023-11-29T18:08:53 IST" name="Default test" finished-at="2023-11-29T18:09:08 IST" duration-ms="15162">
      <class name="org.vertex.web.InvokeBrowser">
        <test-method is-config="true" signature="init()[pri:0, instance:org.vertex.web.InvokeBrowser@6c4906d3]" started-at="2023-11-29T18:08:53 IST" name="init" finished-at="2023-11-29T18:09:01 IST" duration-ms="8304" status="PASS">
          <reporter-output>
          </reporter-output>
        </test-method> <!-- init -->
        <test-method signature="verifyUserLogin()[pri:0, instance:org.vertex.web.InvokeBrowser@6c4906d3]" started-at="2023-11-29T18:09:01 IST" name="verifyUserLogin" finished-at="2023-11-29T18:09:08 IST" duration-ms="6829" status="PASS">
          <reporter-output>
          </reporter-output>
        </test-method> <!-- verifyUserLogin -->
        <test-method is-config="true" signature="tearDown()[pri:0, instance:org.vertex.web.InvokeBrowser@6c4906d3]" started-at="2023-11-29T18:09:08 IST" name="tearDown" finished-at="2023-11-29T18:09:08 IST" duration-ms="0" status="PASS">
          <reporter-output>
          </reporter-output>
        </test-method> <!-- tearDown -->
      </class> <!-- org.vertex.web.InvokeBrowser -->
    </test> <!-- Default test -->
  </suite> <!-- Default suite -->
</testng-results>
